<?xml version="1.0" encoding="UTF-8"?>
<testng-results ignored="0" total="1" passed="1" failed="0" skipped="0">
  <reporter-output>
  </reporter-output>
  <suite started-at="2022-08-18T20:25:50Z" name="Default suite" finished-at="2022-08-18T20:26:03Z" duration-ms="12909">
    <groups>
    </groups>
    <test started-at="2022-08-18T20:25:50Z" name="Default test" finished-at="2022-08-18T20:26:03Z" duration-ms="12909">
      <class name="com.orangehrm.TestPro">
        <test-method is-config="true" signature="beforeMethod()[pri:0, instance:com.orangehrm.TestPro@488d1cd7]" started-at="2022-08-18T20:25:50Z" name="beforeMethod" finished-at="2022-08-18T20:25:57Z" duration-ms="6450" status="PASS">
          <reporter-output>
          </reporter-output>
        </test-method> <!-- beforeMethod -->
        <test-method signature="testLogin()[pri:0, instance:com.orangehrm.TestPro@488d1cd7]" started-at="2022-08-18T20:25:57Z" name="testLogin" description="LOGIN for the testingyes_Page" finished-at="2022-08-18T20:26:01Z" duration-ms="3904" status="PASS">
          <reporter-output>
          </reporter-output>
        </test-method> <!-- testLogin -->
        <test-method is-config="true" signature="afterMethod(org.testng.ITestResult)[pri:0, instance:com.orangehrm.TestPro@488d1cd7]" started-at="2022-08-18T20:26:01Z" name="afterMethod" finished-at="2022-08-18T20:26:03Z" duration-ms="2539" status="PASS">
          <params>
            <param index="0">
              <value>
                <![CDATA[[TestResult name=testLogin status=SUCCESS method=TestPro.testLogin()[pri:0, instance:com.orangehrm.TestPro@488d1cd7] output={null}]]]>
              </value>
            </param>
          </params>
          <reporter-output>
          </reporter-output>
        </test-method> <!-- afterMethod -->
      </class> <!-- com.orangehrm.TestPro -->
    </test> <!-- Default test -->
  </suite> <!-- Default suite -->
</testng-results>
